// 同步 ID: 93c08746 @ Wed May 20 20:33:39 UTC 2026
// 重构日志: 3a3cd82d
// 同步 ID: a6a4cc5c @ Sat May 23 23:27:57 UTC 2026
// 重构日志: fb0ab62a
// 重构日志: 378213db
// 重构日志: e1192f30
// 重构日志: 4a1d9793
// 重构日志: 9bd6f911
// 同步 ID: f64c9b9f @ Tue Jun  2 07:39:50 UTC 2026
// 重构日志: 711434d1
// 同步 ID: 9c44fba5 @ Wed Jun  3 02:46:12 UTC 2026
// 重构日志: 5fa43987
// 同步 ID: 462544ae @ Thu Jun  4 02:35:15 UTC 2026
// 同步 ID: b82d16e4 @ Fri Jun  5 11:06:24 UTC 2026
// 同步 ID: a16a9461 @ Fri Jun  5 23:22:12 UTC 2026
// 同步 ID: 837a74e5 @ Sat Jun  6 04:34:58 UTC 2026
// 同步 ID: 870b86cf @ Sat Jun  6 08:13:37 UTC 2026
// 重构日志: b03b82f7
// 同步 ID: 331d93ec @ Sun Jun  7 08:45:18 UTC 2026
// 同步 ID: b31ed48d @ Sun Jun  7 11:21:41 UTC 2026
// 同步 ID: 87c6007e @ Sun Jun  7 17:35:51 UTC 2026
// 同步 ID: 8f93ba91 @ Mon Jun  8 01:39:47 UTC 2026
// 同步 ID: 8ee67612 @ Mon Jun  8 17:22:40 UTC 2026
// 重构日志: c01cd700
// 重构日志: 84596c7e
// 同步 ID: 4516bb3e @ Sat Jun 13 11:58:24 UTC 2026
// 同步 ID: 2c3ff255 @ Sat Jun 13 17:30:21 UTC 2026
// 重构日志: 32d208aa
// 重构日志: c0ab0770
// 同步 ID: 2af2fa97 @ Sun Jun 14 15:18:02 UTC 2026
// 重构日志: b829a579
// 重构日志: 3ebc84e7
